<?xml version="1.0" encoding="UTF-8"?>
<!-- Generated by org.testng.reporters.JUnitReportReporter -->
<testsuite skipped="0" hostname="L06-023" name="booking_tests.all_links" tests="1" failures="0" timestamp="5 Oct 2019 10:06:04 GMT" time="19.259" errors="0">
  <testcase name="f" time="19.259" classname="booking_tests.all_links"/>
</testsuite> <!-- booking_tests.all_links -->
