<?xml version="1.0" encoding="UTF-8"?>
<!-- Generated by org.testng.reporters.JUnitReportReporter -->
<testsuite skipped="0" hostname="L06-023" name="booking_tests.navigate" tests="1" failures="0" timestamp="5 Oct 2019 09:34:55 GMT" time="20.077" errors="0">
  <testcase name="f" time="20.077" classname="booking_tests.navigate"/>
</testsuite> <!-- booking_tests.navigate -->
